f:\ydcloud\remo_control\remotectrl\remoteclient\debug\remoteclient.pch
f:\ydcloud\remo_control\remotectrl\remoteclient\debug\vc143.pdb
f:\ydcloud\remo_control\remotectrl\remoteclient\debug\vc143.idb
f:\ydcloud\remo_control\remotectrl\remoteclient\debug\pch.obj
f:\ydcloud\remo_control\remotectrl\remoteclient\debug\remoteclient.obj
f:\ydcloud\remo_control\remotectrl\remoteclient\debug\remoteclientdlg.obj
f:\ydcloud\remo_control\remotectrl\remoteclient\debug\clientsocket.obj
f:\ydcloud\remo_control\remotectrl\debug\remoteclient.exe
f:\ydcloud\remo_control\remotectrl\remoteclient\debug\remoteclient.ilk
f:\ydcloud\remo_control\remotectrl\debug\remoteclient.pdb
f:\ydcloud\remo_control\remotectrl\remoteclient\debug\remoteclient.res
f:\ydcloud\remo_control\remotectrl\remoteclient\debug\remoteclient.tlog\cl.command.1.tlog
f:\ydcloud\remo_control\remotectrl\remoteclient\debug\remoteclient.tlog\cl.items.tlog
f:\ydcloud\remo_control\remotectrl\remoteclient\debug\remoteclient.tlog\cl.read.1.tlog
f:\ydcloud\remo_control\remotectrl\remoteclient\debug\remoteclient.tlog\cl.write.1.tlog
f:\ydcloud\remo_control\remotectrl\remoteclient\debug\remoteclient.tlog\link.command.1.tlog
f:\ydcloud\remo_control\remotectrl\remoteclient\debug\remoteclient.tlog\link.read.1.tlog
f:\ydcloud\remo_control\remotectrl\remoteclient\debug\remoteclient.tlog\link.write.1.tlog
f:\ydcloud\remo_control\remotectrl\remoteclient\debug\remoteclient.tlog\rc.command.1.tlog
f:\ydcloud\remo_control\remotectrl\remoteclient\debug\remoteclient.tlog\rc.read.1.tlog
f:\ydcloud\remo_control\remotectrl\remoteclient\debug\remoteclient.tlog\rc.write.1.tlog
