f:\ydcloud\remo_control\remotectrl\remotectrl\debug\remotectrl.pch
f:\ydcloud\remo_control\remotectrl\remotectrl\debug\vc143.pdb
f:\ydcloud\remo_control\remotectrl\remotectrl\debug\vc143.idb
f:\ydcloud\remo_control\remotectrl\remotectrl\debug\pch.obj
f:\ydcloud\remo_control\remotectrl\remotectrl\debug\serversocket.obj
f:\ydcloud\remo_control\remotectrl\remotectrl\debug\remotectrl.obj
f:\ydcloud\remo_control\remotectrl\remotectrl\debug\lockdialog.obj
f:\ydcloud\remo_control\remotectrl\debug\remotectrl.exe
f:\ydcloud\remo_control\remotectrl\remotectrl\debug\remotectrl.ilk
f:\ydcloud\remo_control\remotectrl\debug\remotectrl.pdb
f:\ydcloud\remo_control\remotectrl\remotectrl\debug\remotectrl.res
f:\ydcloud\remo_control\remotectrl\remotectrl\debug\remotectrl.new.obj.enc
f:\ydcloud\remo_control\remotectrl\remotectrl\debug\remotectrl.obj.enc
f:\ydcloud\remo_control\remotectrl\remotectrl\debug\remotectrl.tlog\cl.command.1.tlog
f:\ydcloud\remo_control\remotectrl\remotectrl\debug\remotectrl.tlog\cl.items.tlog
f:\ydcloud\remo_control\remotectrl\remotectrl\debug\remotectrl.tlog\cl.read.1.tlog
f:\ydcloud\remo_control\remotectrl\remotectrl\debug\remotectrl.tlog\cl.write.1.tlog
f:\ydcloud\remo_control\remotectrl\remotectrl\debug\remotectrl.tlog\link.command.1.tlog
f:\ydcloud\remo_control\remotectrl\remotectrl\debug\remotectrl.tlog\link.read.1.tlog
f:\ydcloud\remo_control\remotectrl\remotectrl\debug\remotectrl.tlog\link.write.1.tlog
f:\ydcloud\remo_control\remotectrl\remotectrl\debug\remotectrl.tlog\rc.command.1.tlog
f:\ydcloud\remo_control\remotectrl\remotectrl\debug\remotectrl.tlog\rc.read.1.tlog
f:\ydcloud\remo_control\remotectrl\remotectrl\debug\remotectrl.tlog\rc.write.1.tlog
